Build started 13/03/2012 01:03:08.
     1>Project "C:\Users\barelfam\Documents\Assembler\Assembler\Assembler.vcxproj" on node 2 (build target(s)).
     1>PrepareForBuild:
         Creating directory "C:\Users\barelfam\Documents\Assembler\Debug\".
       InitializeBuildStatus:
         Creating "Debug\Assembler.unsuccessfulbuild" because "AlwaysCreate" was specified.
       ClCompile:
         C:\Program Files (x86)\Microsoft Visual Studio 10.0\VC\bin\CL.exe /c /ZI /nologo /W3 /WX- /Od /Oy- /D _MBCS /Gm /EHsc /RTC1 /MDd /GS /fp:precise /Zc:wchar_t /Zc:forScope /Fo"Debug\\" /Fd"Debug\vc100.pdb" /Gd /TC /analyze- /errorReport:prompt main.c symbols.c
         symbols.c
         main.c
     1>c:\users\barelfam\documents\assembler\assembler\main.c(4): warning C4005: 'FILENAME_MAX' : macro redefinition
                 c:\program files (x86)\microsoft visual studio 10.0\vc\include\stdio.h(108) : see previous definition of 'FILENAME_MAX'
     1>c:\users\barelfam\documents\assembler\assembler\main.c(21): warning C4996: 'strcpy': This function or variable may be unsafe. Consider using strcpy_s instead. To disable deprecation, use _CRT_SECURE_NO_WARNINGS. See online help for details.
                 c:\program files (x86)\microsoft visual studio 10.0\vc\include\string.h(105) : see declaration of 'strcpy'
     1>c:\users\barelfam\documents\assembler\assembler\main.c(22): warning C4996: 'strcat': This function or variable may be unsafe. Consider using strcat_s instead. To disable deprecation, use _CRT_SECURE_NO_WARNINGS. See online help for details.
                 c:\program files (x86)\microsoft visual studio 10.0\vc\include\string.h(110) : see declaration of 'strcat'
     1>c:\users\barelfam\documents\assembler\assembler\main.c(34): warning C4996: 'fopen': This function or variable may be unsafe. Consider using fopen_s instead. To disable deprecation, use _CRT_SECURE_NO_WARNINGS. See online help for details.
                 c:\program files (x86)\microsoft visual studio 10.0\vc\include\stdio.h(234) : see declaration of 'fopen'
     1>c:\users\barelfam\documents\assembler\assembler\main.c(53): warning C4996: 'strtok': This function or variable may be unsafe. Consider using strtok_s instead. To disable deprecation, use _CRT_SECURE_NO_WARNINGS. See online help for details.
                 c:\program files (x86)\microsoft visual studio 10.0\vc\include\string.h(197) : see declaration of 'strtok'
     1>c:\users\barelfam\documents\assembler\assembler\main.c(57): warning C4996: 'strtok': This function or variable may be unsafe. Consider using strtok_s instead. To disable deprecation, use _CRT_SECURE_NO_WARNINGS. See online help for details.
                 c:\program files (x86)\microsoft visual studio 10.0\vc\include\string.h(197) : see declaration of 'strtok'
         Generating Code...
       Link:
         C:\Program Files (x86)\Microsoft Visual Studio 10.0\VC\bin\link.exe /ERRORREPORT:PROMPT /OUT:"C:\Users\barelfam\Documents\Assembler\Debug\Assembler.exe" /NOLOGO kernel32.lib user32.lib gdi32.lib winspool.lib comdlg32.lib advapi32.lib shell32.lib ole32.lib oleaut32.lib uuid.lib odbc32.lib odbccp32.lib /MANIFEST /ManifestFile:"Debug\Assembler.exe.intermediate.manifest" /MANIFESTUAC:"level='asInvoker' uiAccess='false'" /DEBUG /PDB:"C:\Users\barelfam\Documents\Assembler\Debug\Assembler.pdb" /TLBID:1 /DYNAMICBASE /NXCOMPAT /IMPLIB:"C:\Users\barelfam\Documents\Assembler\Debug\Assembler.lib" /MACHINE:X86 Debug\main.obj
         Debug\symbols.obj
         Assembler.vcxproj -> C:\Users\barelfam\Documents\Assembler\Debug\Assembler.exe
       Manifest:
         C:\Program Files (x86)\Microsoft SDKs\Windows\v7.0A\bin\mt.exe /nologo /verbose /outputresource:"C:\Users\barelfam\Documents\Assembler\Debug\Assembler.exe;#1" /manifest Debug\Assembler.exe.intermediate.manifest
       FinalizeBuildStatus:
         Deleting file "Debug\Assembler.unsuccessfulbuild".
         Touching "Debug\Assembler.lastbuildstate".
     1>Done Building Project "C:\Users\barelfam\Documents\Assembler\Assembler\Assembler.vcxproj" (build target(s)).

Build succeeded.

Time Elapsed 00:00:00.52
