Build started 13/03/2012 00:55:15.
     1>Project "c:\Users\barelfam\documents\visual studio 2010\Projects\Assembler\Assembler\Assembler.vcxproj" on node 2 (build target(s)).
     1>PrepareForBuild:
         Creating directory "c:\users\barelfam\documents\visual studio 2010\Projects\Assembler\Debug\".
       InitializeBuildStatus:
         Creating "Debug\Assembler.unsuccessfulbuild" because "AlwaysCreate" was specified.
       ClCompile:
         All outputs are up-to-date.
       Link:
         C:\Program Files (x86)\Microsoft Visual Studio 10.0\VC\bin\link.exe /ERRORREPORT:PROMPT /OUT:"c:\users\barelfam\documents\visual studio 2010\Projects\Assembler\Debug\Assembler.exe" /NOLOGO kernel32.lib user32.lib gdi32.lib winspool.lib comdlg32.lib advapi32.lib shell32.lib ole32.lib oleaut32.lib uuid.lib odbc32.lib odbccp32.lib /MANIFEST /ManifestFile:"Debug\Assembler.exe.intermediate.manifest" /MANIFESTUAC:"level='asInvoker' uiAccess='false'" /DEBUG /PDB:"c:\users\barelfam\documents\visual studio 2010\Projects\Assembler\Debug\Assembler.pdb" /TLBID:1 /DYNAMICBASE /NXCOMPAT /IMPLIB:"c:\users\barelfam\documents\visual studio 2010\Projects\Assembler\Debug\Assembler.lib" /MACHINE:X86 Debug\main.obj
         Debug\symbols.obj
         Assembler.vcxproj -> c:\users\barelfam\documents\visual studio 2010\Projects\Assembler\Debug\Assembler.exe
       Manifest:
         C:\Program Files (x86)\Microsoft SDKs\Windows\v7.0A\bin\mt.exe /nologo /verbose /outputresource:"c:\users\barelfam\documents\visual studio 2010\Projects\Assembler\Debug\Assembler.exe;#1" /manifest Debug\Assembler.exe.intermediate.manifest
       FinalizeBuildStatus:
         Deleting file "Debug\Assembler.unsuccessfulbuild".
         Touching "Debug\Assembler.lastbuildstate".
     1>Done Building Project "c:\Users\barelfam\documents\visual studio 2010\Projects\Assembler\Assembler\Assembler.vcxproj" (build target(s)).

Build succeeded.

Time Elapsed 00:00:00.39
